Arguments: 
  /usr/local/bin/node /usr/local/Cellar/yarn/1.5.1_1/libexec/bin/yarn.js remove marx

PATH: 
  /usr/local/sbin:/usr/local/bin:/usr/local/bin:/usr/bin:/bin:/usr/sbin:/sbin:/usr/local/sbin

Yarn version: 
  1.5.1

Node version: 
  9.6.1

Platform: 
  darwin x64

npm manifest: 
  {
    "name": "marx",
    "version": "1.0.0",
    "description": "",
    "main": "index.js",
    "dependencies": {
      "marx-css": "^3.0.0"
    },
    "devDependencies": {},
    "scripts": {
      "test": "echo \"Error: no test specified\" && exit 1"
    },
    "repository": {
      "type": "git",
      "url": "git+https://github.com/mblode/marx.git"
    },
    "author": "",
    "license": "ISC",
    "bugs": {
      "url": "https://github.com/mblode/marx/issues"
    },
    "homepage": "https://github.com/mblode/marx#readme"
  }

yarn manifest: 
  No manifest

Lockfile: 
  # THIS IS AN AUTOGENERATED FILE. DO NOT EDIT THIS FILE DIRECTLY.
  # yarn lockfile v1
  
  
  marx-css@^3.0.0:
    version "3.0.0"
    resolved "https://registry.yarnpkg.com/marx-css/-/marx-css-3.0.0.tgz#ccd80c265b618f1fb66921467bc5306b2884114b"
  
  marx@^0.0.2:
    version "0.0.2"
    resolved "https://registry.yarnpkg.com/marx/-/marx-0.0.2.tgz#92443cda7940fe0b6675d68ba239c1d1d0279c35"

Trace: 
  Error: This module isn't specified in a manifest.
      at new MessageError (/usr/local/Cellar/yarn/1.5.1_1/libexec/lib/cli.js:186:110)
      at Object.<anonymous> (/usr/local/Cellar/yarn/1.5.1_1/libexec/lib/cli.js:60445:15)
      at Generator.next (<anonymous>)
      at step (/usr/local/Cellar/yarn/1.5.1_1/libexec/lib/cli.js:98:30)
      at /usr/local/Cellar/yarn/1.5.1_1/libexec/lib/cli.js:109:13
      at <anonymous>
